<?xml version="1.0" encoding="UTF-8"?>
<!-- Generated by org.testng.reporters.JUnitReportReporter -->
<testsuite hostname="IBM-28NJKM3" failures="0" tests="4" name="AnkitAnand.test.pomTestCleanCode" time="54.471" errors="0" timestamp="2024-01-20T03:31:38 IST" skipped="0">
  <testcase classname="AnkitAnand.test.pomTestCleanCode" name="orderHistory" time="11.472"/>
  <testcase classname="AnkitAnand.test.pomTestCleanCode" name="submitOrder" time="14.997"/>
  <testcase classname="AnkitAnand.test.pomTestCleanCode" name="submitOrder" time="13.793"/>
  <testcase classname="AnkitAnand.test.pomTestCleanCode" name="submitOrder" time="14.209"/>
</testsuite> <!-- AnkitAnand.test.pomTestCleanCode -->
