<?xml version="1.0" encoding="UTF-8"?>
<!-- Generated by org.testng.reporters.JUnitReportReporter -->
<testsuite hostname="IBM-28NJKM3" failures="0" tests="1" name="AnkitAnand.test.pomTest" time="10.366" errors="0" timestamp="2024-01-14T04:01:56 IST" skipped="0">
  <testcase classname="AnkitAnand.test.pomTest" name="submitOrder" time="10.366"/>
</testsuite> <!-- AnkitAnand.test.pomTest -->
