<?xml version="1.0" encoding="UTF-8"?>
<!-- Generated by org.testng.reporters.JUnitReportReporter -->
<testsuite hostname="IBM-28NJKM3" failures="0" tests="2" name="AnkitAnand.test.pomTestErrorValidation" time="12.167" errors="0" timestamp="2024-01-20T03:31:38 IST" skipped="0">
  <testcase classname="AnkitAnand.test.pomTestErrorValidation" name="loginPageErrorValidation" time="6.252"/>
  <testcase classname="AnkitAnand.test.pomTestErrorValidation" name="productPageErrorValidation" time="5.915"/>
</testsuite> <!-- AnkitAnand.test.pomTestErrorValidation -->
