<?xml version="1.0" encoding="UTF-8"?>
<!-- Generated by org.testng.reporters.JUnitReportReporter -->
<testsuite hostname="IBM-28NJKM3" failures="0" tests="2" name="AnkitAnand.test.pomTestErrorValidation" time="15.963" errors="0" timestamp="2024-01-21T02:43:09 IST" skipped="0">
  <testcase classname="AnkitAnand.test.pomTestErrorValidation" name="loginPageErrorValidation" time="8.885"/>
  <testcase classname="AnkitAnand.test.pomTestErrorValidation" name="productPageErrorValidation" time="7.078"/>
</testsuite> <!-- AnkitAnand.test.pomTestErrorValidation -->
