<?xml version="1.0" encoding="UTF-8"?>
<!-- Generated by org.testng.reporters.JUnitReportReporter -->
<testsuite hostname="IBM-28NJKM3" failures="0" tests="4" name="AnkitAnand.test.pomTestCleanCode" time="55.198" errors="0" timestamp="2024-01-21T02:43:09 IST" skipped="0">
  <testcase classname="AnkitAnand.test.pomTestCleanCode" name="submitOrder" time="15.130"/>
  <testcase classname="AnkitAnand.test.pomTestCleanCode" name="submitOrder" time="15.615"/>
  <testcase classname="AnkitAnand.test.pomTestCleanCode" name="orderHistory" time="4.818"/>
  <testcase classname="AnkitAnand.test.pomTestCleanCode" name="submitOrder" time="19.635"/>
</testsuite> <!-- AnkitAnand.test.pomTestCleanCode -->
